Flow report for impix_system_top
Thu Apr 16 20:33:17 2020
Quartus Prime Version 17.0.0 Build 595 04/25/2017 SJ Lite Edition


---------------------
; Table of Contents ;
---------------------
  1. Legal Notice
  2. Flow Summary
  3. Flow Settings
  4. Flow Non-Default Global Settings
  5. Flow Elapsed Time
  6. Flow OS Summary
  7. Flow Log
  8. Flow Messages
  9. Flow Suppressed Messages



----------------
; Legal Notice ;
----------------
Copyright (C) 2017  Intel Corporation. All rights reserved.
Your use of Intel Corporation's design tools, logic functions 
and other software and tools, and its AMPP partner logic 
functions, and any output files from any of the foregoing 
(including device programming or simulation files), and any 
associated documentation or information are expressly subject 
to the terms and conditions of the Intel Program License 
Subscription Agreement, the Intel Quartus Prime License Agreement,
the Intel MegaCore Function License Agreement, or other 
applicable license agreement, including, without limitation, 
that your use is for the sole purpose of programming logic 
devices manufactured by Intel and sold by Intel or its 
authorized distributors.  Please refer to the applicable 
agreement for further details.



+-------------------------------------------------------------------------------+
; Flow Summary                                                                  ;
+---------------------------------+---------------------------------------------+
; Flow Status                     ; Successful - Thu Apr 16 20:33:17 2020       ;
; Quartus Prime Version           ; 17.0.0 Build 595 04/25/2017 SJ Lite Edition ;
; Revision Name                   ; impix_system_top                            ;
; Top-level Entity Name           ; impix_system_top                            ;
; Family                          ; Cyclone V                                   ;
; Device                          ; 5CSEMA5F31C6                                ;
; Timing Models                   ; Final                                       ;
; Logic utilization (in ALMs)     ; 933 / 32,070 ( 3 % )                        ;
; Total registers                 ; 1287                                        ;
; Total pins                      ; 233 / 457 ( 51 % )                          ;
; Total virtual pins              ; 0                                           ;
; Total block memory bits         ; 1,024 / 4,065,280 ( < 1 % )                 ;
; Total DSP Blocks                ; 0 / 87 ( 0 % )                              ;
; Total HSSI RX PCSs              ; 0                                           ;
; Total HSSI PMA RX Deserializers ; 0                                           ;
; Total HSSI TX PCSs              ; 0                                           ;
; Total HSSI PMA TX Serializers   ; 0                                           ;
; Total PLLs                      ; 0 / 6 ( 0 % )                               ;
; Total DLLs                      ; 1 / 4 ( 25 % )                              ;
+---------------------------------+---------------------------------------------+


+-----------------------------------------+
; Flow Settings                           ;
+-------------------+---------------------+
; Option            ; Setting             ;
+-------------------+---------------------+
; Start date & time ; 04/16/2020 20:20:40 ;
; Main task         ; Compilation         ;
; Revision Name     ; impix_system_top    ;
+-------------------+---------------------+


+----------------------------------------------------------------------------------------------------------------------------------------------------------------------------------------+
; Flow Non-Default Global Settings                                                                                                                                                       ;
+---------------------------------------+----------------------------------------------------------------------------+---------------+----------------------------------+----------------+
; Assignment Name                       ; Value                                                                      ; Default Value ; Entity Name                      ; Section Id     ;
+---------------------------------------+----------------------------------------------------------------------------+---------------+----------------------------------+----------------+
; COMPILER_SIGNATURE_ID                 ; 52238240492.158706123620015                                                ; --            ; --                               ; --             ;
; ECO_REGENERATE_REPORT                 ; On                                                                         ; Off           ; --                               ; --             ;
; EDA_OUTPUT_DATA_FORMAT                ; Vhdl                                                                       ; --            ; --                               ; eda_simulation ;
; EDA_SIMULATION_TOOL                   ; ModelSim-Altera (VHDL)                                                     ; <None>        ; --                               ; --             ;
; EDA_TIME_SCALE                        ; 1 ps                                                                       ; --            ; --                               ; eda_simulation ;
; HPS_ISW_FILE                          ; impix_system/synthesis/submodules/sequencer/alt_types.pre.h                ; --            ; impix_system_hps_0_hps_io_border ; --             ;
; HPS_ISW_FILE                          ; impix_system/synthesis/submodules/sequencer/sdram_io.pre.h                 ; --            ; impix_system_hps_0_hps_io_border ; --             ;
; HPS_ISW_FILE                          ; impix_system/synthesis/submodules/sequencer/emif.pre.xml                   ; --            ; impix_system_hps_0_hps_io_border ; --             ;
; HPS_ISW_FILE                          ; impix_system/synthesis/submodules/sequencer/sequencer_auto_inst_init.pre.c ; --            ; impix_system_hps_0_hps_io_border ; --             ;
; HPS_ISW_FILE                          ; impix_system/synthesis/submodules/sequencer/tclrpt.pre.c                   ; --            ; impix_system_hps_0_hps_io_border ; --             ;
; HPS_ISW_FILE                          ; impix_system/synthesis/submodules/sequencer/sequencer_defines.pre.h        ; --            ; impix_system_hps_0_hps_io_border ; --             ;
; HPS_ISW_FILE                          ; impix_system/synthesis/submodules/sequencer/sequencer_auto_ac_init.pre.c   ; --            ; impix_system_hps_0_hps_io_border ; --             ;
; HPS_ISW_FILE                          ; impix_system/synthesis/submodules/sequencer/tclrpt.pre.h                   ; --            ; impix_system_hps_0_hps_io_border ; --             ;
; HPS_ISW_FILE                          ; impix_system/synthesis/submodules/sequencer/system.pre.h                   ; --            ; impix_system_hps_0_hps_io_border ; --             ;
; HPS_ISW_FILE                          ; impix_system/synthesis/submodules/sequencer/sequencer_auto.pre.h           ; --            ; impix_system_hps_0_hps_io_border ; --             ;
; HPS_ISW_FILE                          ; impix_system/synthesis/submodules/sequencer/sequencer.pre.h                ; --            ; impix_system_hps_0_hps_io_border ; --             ;
; HPS_ISW_FILE                          ; impix_system/synthesis/submodules/sequencer/sequencer.pre.c                ; --            ; impix_system_hps_0_hps_io_border ; --             ;
; HPS_ISW_FILE                          ; impix_system/synthesis/submodules/hps.pre.xml                              ; --            ; impix_system_hps_0_hps_io_border ; --             ;
; HPS_PARTITION                         ; On                                                                         ; --            ; impix_system_hps_0_hps_io_border ; --             ;
; MAX_CORE_JUNCTION_TEMP                ; 85                                                                         ; --            ; --                               ; --             ;
; MIN_CORE_JUNCTION_TEMP                ; 0                                                                          ; --            ; --                               ; --             ;
; MISC_FILE                             ; impix_system/synthesis/../impix_system.cmp                                 ; --            ; --                               ; --             ;
; MISC_FILE                             ; impix_system/synthesis/impix_system_hps_0_hps.svd                          ; --            ; --                               ; --             ;
; MISC_FILE                             ; impix_system/synthesis/../../impix_system.qsys                             ; --            ; --                               ; --             ;
; MISC_FILE                             ; impix_system/synthesis/submodules/sequencer/alt_types.pre.h                ; --            ; --                               ; --             ;
; MISC_FILE                             ; impix_system/synthesis/submodules/sequencer/sdram_io.pre.h                 ; --            ; --                               ; --             ;
; MISC_FILE                             ; impix_system/synthesis/submodules/sequencer/emif.pre.xml                   ; --            ; --                               ; --             ;
; MISC_FILE                             ; impix_system/synthesis/submodules/sequencer/sequencer_auto_inst_init.pre.c ; --            ; --                               ; --             ;
; MISC_FILE                             ; impix_system/synthesis/submodules/sequencer/tclrpt.pre.c                   ; --            ; --                               ; --             ;
; MISC_FILE                             ; impix_system/synthesis/submodules/sequencer/sequencer_defines.pre.h        ; --            ; --                               ; --             ;
; MISC_FILE                             ; impix_system/synthesis/submodules/sequencer/sequencer_auto_ac_init.pre.c   ; --            ; --                               ; --             ;
; MISC_FILE                             ; impix_system/synthesis/submodules/sequencer/tclrpt.pre.h                   ; --            ; --                               ; --             ;
; MISC_FILE                             ; impix_system/synthesis/submodules/sequencer/system.pre.h                   ; --            ; --                               ; --             ;
; MISC_FILE                             ; impix_system/synthesis/submodules/sequencer/sequencer_auto.pre.h           ; --            ; --                               ; --             ;
; MISC_FILE                             ; impix_system/synthesis/submodules/sequencer/sequencer.pre.h                ; --            ; --                               ; --             ;
; MISC_FILE                             ; impix_system/synthesis/submodules/sequencer/sequencer.pre.c                ; --            ; --                               ; --             ;
; MISC_FILE                             ; impix_system/synthesis/submodules/hps.pre.xml                              ; --            ; --                               ; --             ;
; PARTITION_COLOR                       ; -- (Not supported for targeted family)                                     ; --            ; --                               ; Top            ;
; PARTITION_FITTER_PRESERVATION_LEVEL   ; -- (Not supported for targeted family)                                     ; --            ; --                               ; Top            ;
; PARTITION_NETLIST_TYPE                ; -- (Not supported for targeted family)                                     ; --            ; --                               ; Top            ;
; POWER_BOARD_THERMAL_MODEL             ; None (CONSERVATIVE)                                                        ; --            ; --                               ; --             ;
; POWER_PRESET_COOLING_SOLUTION         ; 23 MM HEAT SINK WITH 200 LFPM AIRFLOW                                      ; --            ; --                               ; --             ;
; PROJECT_OUTPUT_DIRECTORY              ; output_files                                                               ; --            ; --                               ; --             ;
; SLD_FILE                              ; impix_system/synthesis/impix_system.regmap                                 ; --            ; --                               ; --             ;
; SLD_FILE                              ; impix_system/synthesis/impix_system.debuginfo                              ; --            ; --                               ; --             ;
; SLD_INFO                              ; QSYS_NAME impix_system HAS_SOPCINFO 1 GENERATION_ID 1587026564             ; --            ; impix_system                     ; --             ;
; SOPCINFO_FILE                         ; impix_system/synthesis/../../impix_system.sopcinfo                         ; --            ; --                               ; --             ;
; SYNTHESIS_ONLY_QIP                    ; On                                                                         ; --            ; --                               ; --             ;
; USE_DLL_FREQUENCY_FOR_DQS_DELAY_CHAIN ; On                                                                         ; Off           ; --                               ; --             ;
+---------------------------------------+----------------------------------------------------------------------------+---------------+----------------------------------+----------------+


+-------------------------------------------------------------------------------------------------------------------------------+
; Flow Elapsed Time                                                                                                             ;
+---------------------------+--------------+-------------------------+---------------------+------------------------------------+
; Module Name               ; Elapsed Time ; Average Processors Used ; Peak Virtual Memory ; Total CPU Time (on all processors) ;
+---------------------------+--------------+-------------------------+---------------------+------------------------------------+
; Analysis & Synthesis      ; 00:01:35     ; 1.0                     ; 1358 MB             ; 00:02:39                           ;
; Fitter                    ; 00:03:50     ; 1.1                     ; 2977 MB             ; 00:06:30                           ;
; Assembler                 ; 00:00:23     ; 1.0                     ; 1025 MB             ; 00:00:23                           ;
; TimeQuest Timing Analyzer ; 00:01:02     ; 1.2                     ; 1720 MB             ; 00:01:13                           ;
; EDA Netlist Writer        ; 00:00:16     ; 1.0                     ; 1242 MB             ; 00:00:16                           ;
; Total                     ; 00:07:06     ; --                      ; --                  ; 00:11:01                           ;
+---------------------------+--------------+-------------------------+---------------------+------------------------------------+


+--------------------------------------------------------------------------------------------------+
; Flow OS Summary                                                                                  ;
+---------------------------+-----------------------+----------------+------------+----------------+
; Module Name               ; Machine Hostname      ; OS Name        ; OS Version ; Processor type ;
+---------------------------+-----------------------+----------------+------------+----------------+
; Analysis & Synthesis      ; milan-virtual-machine ; Ubuntu 18.04.4 ; 18         ; x86_64         ;
; Fitter                    ; milan-virtual-machine ; Ubuntu 18.04.4 ; 18         ; x86_64         ;
; Assembler                 ; milan-virtual-machine ; Ubuntu 18.04.4 ; 18         ; x86_64         ;
; TimeQuest Timing Analyzer ; milan-virtual-machine ; Ubuntu 18.04.4 ; 18         ; x86_64         ;
; EDA Netlist Writer        ; milan-virtual-machine ; Ubuntu 18.04.4 ; 18         ; x86_64         ;
+---------------------------+-----------------------+----------------+------------+----------------+


------------
; Flow Log ;
------------
quartus_map --read_settings_files=on --write_settings_files=off impix_system_top -c impix_system_top
quartus_fit --read_settings_files=off --write_settings_files=off impix_system_top -c impix_system_top
quartus_asm --read_settings_files=off --write_settings_files=off impix_system_top -c impix_system_top
quartus_sta impix_system_top -c impix_system_top
quartus_eda --read_settings_files=off --write_settings_files=off impix_system_top -c impix_system_top



